d:\openframeworks100vs\apps\spoutsdk\spoutcam2017\baseclasses\winproj2017\x64\release\baseclasses.pdb
d:\openframeworks100vs\apps\spoutsdk\spoutcam2017\baseclasses\winproj2017\x64\release\source.obj
d:\openframeworks100vs\apps\spoutsdk\spoutcam2017\baseclasses\winproj2017\x64\release\seekpt.obj
d:\openframeworks100vs\apps\spoutsdk\spoutcam2017\baseclasses\winproj2017\x64\release\schedule.obj
d:\openframeworks100vs\apps\spoutsdk\spoutcam2017\baseclasses\winproj2017\x64\release\renbase.obj
d:\openframeworks100vs\apps\spoutsdk\spoutcam2017\baseclasses\winproj2017\x64\release\refclock.obj
d:\openframeworks100vs\apps\spoutsdk\spoutcam2017\baseclasses\winproj2017\x64\release\pullpin.obj
d:\openframeworks100vs\apps\spoutsdk\spoutcam2017\baseclasses\winproj2017\x64\release\pstream.obj
d:\openframeworks100vs\apps\spoutsdk\spoutcam2017\baseclasses\winproj2017\x64\release\perflog.obj
d:\openframeworks100vs\apps\spoutsdk\spoutcam2017\baseclasses\winproj2017\x64\release\outputq.obj
d:\openframeworks100vs\apps\spoutsdk\spoutcam2017\baseclasses\winproj2017\x64\release\mtype.obj
d:\openframeworks100vs\apps\spoutsdk\spoutcam2017\baseclasses\winproj2017\x64\release\dllsetup.obj
d:\openframeworks100vs\apps\spoutsdk\spoutcam2017\baseclasses\winproj2017\x64\release\dllentry.obj
d:\openframeworks100vs\apps\spoutsdk\spoutcam2017\baseclasses\winproj2017\x64\release\ddmm.obj
d:\openframeworks100vs\apps\spoutsdk\spoutcam2017\baseclasses\winproj2017\x64\release\ctlutil.obj
d:\openframeworks100vs\apps\spoutsdk\spoutcam2017\baseclasses\winproj2017\x64\release\cprop.obj
d:\openframeworks100vs\apps\spoutsdk\spoutcam2017\baseclasses\winproj2017\x64\release\combase.obj
d:\openframeworks100vs\apps\spoutsdk\spoutcam2017\baseclasses\winproj2017\x64\release\arithutil.obj
d:\openframeworks100vs\apps\spoutsdk\spoutcam2017\baseclasses\winproj2017\x64\release\amvideo.obj
d:\openframeworks100vs\apps\spoutsdk\spoutcam2017\baseclasses\winproj2017\x64\release\amfilter.obj
d:\openframeworks100vs\apps\spoutsdk\spoutcam2017\baseclasses\winproj2017\x64\release\amextra.obj
d:\openframeworks100vs\apps\spoutsdk\spoutcam2017\baseclasses\winproj2017\x64\release\wxutil.obj
d:\openframeworks100vs\apps\spoutsdk\spoutcam2017\baseclasses\winproj2017\x64\release\wxlist.obj
d:\openframeworks100vs\apps\spoutsdk\spoutcam2017\baseclasses\winproj2017\x64\release\wxdebug.obj
d:\openframeworks100vs\apps\spoutsdk\spoutcam2017\baseclasses\winproj2017\x64\release\winutil.obj
d:\openframeworks100vs\apps\spoutsdk\spoutcam2017\baseclasses\winproj2017\x64\release\winctrl.obj
d:\openframeworks100vs\apps\spoutsdk\spoutcam2017\baseclasses\winproj2017\x64\release\vtrans.obj
d:\openframeworks100vs\apps\spoutsdk\spoutcam2017\baseclasses\winproj2017\x64\release\videoctl.obj
d:\openframeworks100vs\apps\spoutsdk\spoutcam2017\baseclasses\winproj2017\x64\release\transip.obj
d:\openframeworks100vs\apps\spoutsdk\spoutcam2017\baseclasses\winproj2017\x64\release\transfrm.obj
d:\openframeworks100vs\apps\spoutsdk\spoutcam2017\baseclasses\winproj2017\x64\release\sysclock.obj
d:\openframeworks100vs\apps\spoutsdk\spoutcam2017\baseclasses\winproj2017\x64\release\strmctl.obj
d:\openframeworks110vs\apps\spoutsdk\spoutcam2017\baseclasses\winproj2017\x64\release\baseclasses.pdb
d:\openframeworks110vs\apps\spoutsdk\spoutcam2017\baseclasses\winproj2017\x64\release\source.obj
d:\openframeworks110vs\apps\spoutsdk\spoutcam2017\baseclasses\winproj2017\x64\release\seekpt.obj
d:\openframeworks110vs\apps\spoutsdk\spoutcam2017\baseclasses\winproj2017\x64\release\schedule.obj
d:\openframeworks110vs\apps\spoutsdk\spoutcam2017\baseclasses\winproj2017\x64\release\renbase.obj
d:\openframeworks110vs\apps\spoutsdk\spoutcam2017\baseclasses\winproj2017\x64\release\refclock.obj
d:\openframeworks110vs\apps\spoutsdk\spoutcam2017\baseclasses\winproj2017\x64\release\pullpin.obj
d:\openframeworks110vs\apps\spoutsdk\spoutcam2017\baseclasses\winproj2017\x64\release\pstream.obj
d:\openframeworks110vs\apps\spoutsdk\spoutcam2017\baseclasses\winproj2017\x64\release\perflog.obj
d:\openframeworks110vs\apps\spoutsdk\spoutcam2017\baseclasses\winproj2017\x64\release\outputq.obj
d:\openframeworks110vs\apps\spoutsdk\spoutcam2017\baseclasses\winproj2017\x64\release\mtype.obj
d:\openframeworks110vs\apps\spoutsdk\spoutcam2017\baseclasses\winproj2017\x64\release\dllsetup.obj
d:\openframeworks110vs\apps\spoutsdk\spoutcam2017\baseclasses\winproj2017\x64\release\dllentry.obj
d:\openframeworks110vs\apps\spoutsdk\spoutcam2017\baseclasses\winproj2017\x64\release\ddmm.obj
d:\openframeworks110vs\apps\spoutsdk\spoutcam2017\baseclasses\winproj2017\x64\release\ctlutil.obj
d:\openframeworks110vs\apps\spoutsdk\spoutcam2017\baseclasses\winproj2017\x64\release\cprop.obj
d:\openframeworks110vs\apps\spoutsdk\spoutcam2017\baseclasses\winproj2017\x64\release\combase.obj
d:\openframeworks110vs\apps\spoutsdk\spoutcam2017\baseclasses\winproj2017\x64\release\arithutil.obj
d:\openframeworks110vs\apps\spoutsdk\spoutcam2017\baseclasses\winproj2017\x64\release\amvideo.obj
d:\openframeworks110vs\apps\spoutsdk\spoutcam2017\baseclasses\winproj2017\x64\release\amfilter.obj
d:\openframeworks110vs\apps\spoutsdk\spoutcam2017\baseclasses\winproj2017\x64\release\amextra.obj
d:\openframeworks110vs\apps\spoutsdk\spoutcam2017\baseclasses\winproj2017\x64\release\wxutil.obj
d:\openframeworks110vs\apps\spoutsdk\spoutcam2017\baseclasses\winproj2017\x64\release\wxlist.obj
d:\openframeworks110vs\apps\spoutsdk\spoutcam2017\baseclasses\winproj2017\x64\release\wxdebug.obj
d:\openframeworks110vs\apps\spoutsdk\spoutcam2017\baseclasses\winproj2017\x64\release\winutil.obj
d:\openframeworks110vs\apps\spoutsdk\spoutcam2017\baseclasses\winproj2017\x64\release\winctrl.obj
d:\openframeworks110vs\apps\spoutsdk\spoutcam2017\baseclasses\winproj2017\x64\release\vtrans.obj
d:\openframeworks110vs\apps\spoutsdk\spoutcam2017\baseclasses\winproj2017\x64\release\videoctl.obj
d:\openframeworks110vs\apps\spoutsdk\spoutcam2017\baseclasses\winproj2017\x64\release\transip.obj
d:\openframeworks110vs\apps\spoutsdk\spoutcam2017\baseclasses\winproj2017\x64\release\transfrm.obj
d:\openframeworks110vs\apps\spoutsdk\spoutcam2017\baseclasses\winproj2017\x64\release\sysclock.obj
d:\openframeworks110vs\apps\spoutsdk\spoutcam2017\baseclasses\winproj2017\x64\release\strmctl.obj
d:\openframeworks100vs\apps\spoutsdk\spoutcam2017\lib\x64\release\baseclasses.lib
d:\openframeworks110vs\apps\spoutsdk\spoutcam2017\lib\x64\release\baseclasses.lib
d:\openframeworks110vs\apps\spoutsdk\spoutcam2017\baseclasses\winproj2017\x64\release\baseclasses.tlog\cl.command.1.tlog
d:\openframeworks110vs\apps\spoutsdk\spoutcam2017\baseclasses\winproj2017\x64\release\baseclasses.tlog\cl.read.1.tlog
d:\openframeworks110vs\apps\spoutsdk\spoutcam2017\baseclasses\winproj2017\x64\release\baseclasses.tlog\cl.write.1.tlog
d:\openframeworks110vs\apps\spoutsdk\spoutcam2017\baseclasses\winproj2017\x64\release\baseclasses.tlog\lib-link.read.1.tlog
d:\openframeworks110vs\apps\spoutsdk\spoutcam2017\baseclasses\winproj2017\x64\release\baseclasses.tlog\lib-link.write.1.tlog
d:\openframeworks110vs\apps\spoutsdk\spoutcam2017\baseclasses\winproj2017\x64\release\baseclasses.tlog\lib.command.1.tlog
