d:\openframeworks110vs\apps\spoutsdk\spoutcam2017\baseclasses\winproj2017\win32\release\baseclasses.pdb
d:\openframeworks110vs\apps\spoutsdk\spoutcam2017\baseclasses\winproj2017\win32\release\source.obj
d:\openframeworks110vs\apps\spoutsdk\spoutcam2017\baseclasses\winproj2017\win32\release\seekpt.obj
d:\openframeworks110vs\apps\spoutsdk\spoutcam2017\baseclasses\winproj2017\win32\release\schedule.obj
d:\openframeworks110vs\apps\spoutsdk\spoutcam2017\baseclasses\winproj2017\win32\release\renbase.obj
d:\openframeworks110vs\apps\spoutsdk\spoutcam2017\baseclasses\winproj2017\win32\release\refclock.obj
d:\openframeworks110vs\apps\spoutsdk\spoutcam2017\baseclasses\winproj2017\win32\release\pullpin.obj
d:\openframeworks110vs\apps\spoutsdk\spoutcam2017\baseclasses\winproj2017\win32\release\pstream.obj
d:\openframeworks110vs\apps\spoutsdk\spoutcam2017\baseclasses\winproj2017\win32\release\perflog.obj
d:\openframeworks110vs\apps\spoutsdk\spoutcam2017\baseclasses\winproj2017\win32\release\outputq.obj
d:\openframeworks110vs\apps\spoutsdk\spoutcam2017\baseclasses\winproj2017\win32\release\mtype.obj
d:\openframeworks110vs\apps\spoutsdk\spoutcam2017\baseclasses\winproj2017\win32\release\dllsetup.obj
d:\openframeworks110vs\apps\spoutsdk\spoutcam2017\baseclasses\winproj2017\win32\release\dllentry.obj
d:\openframeworks110vs\apps\spoutsdk\spoutcam2017\baseclasses\winproj2017\win32\release\ddmm.obj
d:\openframeworks110vs\apps\spoutsdk\spoutcam2017\baseclasses\winproj2017\win32\release\ctlutil.obj
d:\openframeworks110vs\apps\spoutsdk\spoutcam2017\baseclasses\winproj2017\win32\release\cprop.obj
d:\openframeworks110vs\apps\spoutsdk\spoutcam2017\baseclasses\winproj2017\win32\release\combase.obj
d:\openframeworks110vs\apps\spoutsdk\spoutcam2017\baseclasses\winproj2017\win32\release\arithutil.obj
d:\openframeworks110vs\apps\spoutsdk\spoutcam2017\baseclasses\winproj2017\win32\release\amvideo.obj
d:\openframeworks110vs\apps\spoutsdk\spoutcam2017\baseclasses\winproj2017\win32\release\amfilter.obj
d:\openframeworks110vs\apps\spoutsdk\spoutcam2017\baseclasses\winproj2017\win32\release\amextra.obj
d:\openframeworks110vs\apps\spoutsdk\spoutcam2017\baseclasses\winproj2017\win32\release\wxutil.obj
d:\openframeworks110vs\apps\spoutsdk\spoutcam2017\baseclasses\winproj2017\win32\release\wxlist.obj
d:\openframeworks110vs\apps\spoutsdk\spoutcam2017\baseclasses\winproj2017\win32\release\wxdebug.obj
d:\openframeworks110vs\apps\spoutsdk\spoutcam2017\baseclasses\winproj2017\win32\release\winutil.obj
d:\openframeworks110vs\apps\spoutsdk\spoutcam2017\baseclasses\winproj2017\win32\release\winctrl.obj
d:\openframeworks110vs\apps\spoutsdk\spoutcam2017\baseclasses\winproj2017\win32\release\vtrans.obj
d:\openframeworks110vs\apps\spoutsdk\spoutcam2017\baseclasses\winproj2017\win32\release\videoctl.obj
d:\openframeworks110vs\apps\spoutsdk\spoutcam2017\baseclasses\winproj2017\win32\release\transip.obj
d:\openframeworks110vs\apps\spoutsdk\spoutcam2017\baseclasses\winproj2017\win32\release\transfrm.obj
d:\openframeworks110vs\apps\spoutsdk\spoutcam2017\baseclasses\winproj2017\win32\release\sysclock.obj
d:\openframeworks110vs\apps\spoutsdk\spoutcam2017\baseclasses\winproj2017\win32\release\strmctl.obj
d:\openframeworks110vs\apps\spoutsdk\spoutcam2017\lib\win32\release\baseclasses.lib
d:\openframeworks110vs\apps\spoutsdk\spoutcam2017\baseclasses\winproj2017\win32\release\baseclasses.tlog\cl.command.1.tlog
d:\openframeworks110vs\apps\spoutsdk\spoutcam2017\baseclasses\winproj2017\win32\release\baseclasses.tlog\cl.read.1.tlog
d:\openframeworks110vs\apps\spoutsdk\spoutcam2017\baseclasses\winproj2017\win32\release\baseclasses.tlog\cl.write.1.tlog
d:\openframeworks110vs\apps\spoutsdk\spoutcam2017\baseclasses\winproj2017\win32\release\baseclasses.tlog\lib-link.read.1.tlog
d:\openframeworks110vs\apps\spoutsdk\spoutcam2017\baseclasses\winproj2017\win32\release\baseclasses.tlog\lib-link.write.1.tlog
d:\openframeworks110vs\apps\spoutsdk\spoutcam2017\baseclasses\winproj2017\win32\release\baseclasses.tlog\lib.command.1.tlog
