d:\openframeworks110vs\apps\spoutsdk\spoutcam2017\spoutsdk\winproj2017\win32\release\spoutsdk.pdb
d:\openframeworks110vs\apps\spoutsdk\spoutcam2017\spoutsdk\winproj2017\win32\release\spoututils.obj
d:\openframeworks110vs\apps\spoutsdk\spoutcam2017\spoutsdk\winproj2017\win32\release\spoutsharedmemory.obj
d:\openframeworks110vs\apps\spoutsdk\spoutcam2017\spoutsdk\winproj2017\win32\release\spoutsendernames.obj
d:\openframeworks110vs\apps\spoutsdk\spoutcam2017\spoutsdk\winproj2017\win32\release\spoutsender.obj
d:\openframeworks110vs\apps\spoutsdk\spoutcam2017\spoutsdk\winproj2017\win32\release\spoutsdk.obj
d:\openframeworks110vs\apps\spoutsdk\spoutcam2017\spoutsdk\winproj2017\win32\release\spoutreceiver.obj
d:\openframeworks110vs\apps\spoutsdk\spoutcam2017\spoutsdk\winproj2017\win32\release\spoutmemoryshare.obj
d:\openframeworks110vs\apps\spoutsdk\spoutcam2017\spoutsdk\winproj2017\win32\release\spoutglextensions.obj
d:\openframeworks110vs\apps\spoutsdk\spoutcam2017\spoutsdk\winproj2017\win32\release\spoutgldxinterop.obj
d:\openframeworks110vs\apps\spoutsdk\spoutcam2017\spoutsdk\winproj2017\win32\release\spoutframecount.obj
d:\openframeworks110vs\apps\spoutsdk\spoutcam2017\spoutsdk\winproj2017\win32\release\spoutdirectx.obj
d:\openframeworks110vs\apps\spoutsdk\spoutcam2017\spoutsdk\winproj2017\win32\release\spoutcopy.obj
d:\openframeworks110vs\apps\spoutsdk\spoutcam2017\lib\win32\release\spout.lib
d:\openframeworks110vs\apps\spoutsdk\spoutcam2017\spoutsdk\winproj2017\win32\release\spoutsdk.tlog\cl.command.1.tlog
d:\openframeworks110vs\apps\spoutsdk\spoutcam2017\spoutsdk\winproj2017\win32\release\spoutsdk.tlog\cl.read.1.tlog
d:\openframeworks110vs\apps\spoutsdk\spoutcam2017\spoutsdk\winproj2017\win32\release\spoutsdk.tlog\cl.write.1.tlog
d:\openframeworks110vs\apps\spoutsdk\spoutcam2017\spoutsdk\winproj2017\win32\release\spoutsdk.tlog\lib-link.read.1.tlog
d:\openframeworks110vs\apps\spoutsdk\spoutcam2017\spoutsdk\winproj2017\win32\release\spoutsdk.tlog\lib-link.write.1.tlog
d:\openframeworks110vs\apps\spoutsdk\spoutcam2017\spoutsdk\winproj2017\win32\release\spoutsdk.tlog\lib.command.1.tlog
